<?xml version="1.0" encoding="UTF-8"?>
<!-- Generated by org.testng.reporters.JUnitXMLReporter -->
<testsuite ignored="0" hostname="LAPTOP-I0K5ET5P" failures="0" tests="5" name="Test" time="53.084" errors="0" timestamp="2026-03-04T16:20:37 IST">
  <testcase classname="testCases.TC003_LoginDataDrivenTest" name="verify_loginDDT" time="3.415"/>
  <testcase classname="testCases.TC003_LoginDataDrivenTest" name="verify_loginDDT" time="11.905"/>
  <testcase classname="testCases.TC003_LoginDataDrivenTest" name="verify_loginDDT" time="10.548"/>
  <testcase classname="testCases.TC003_LoginDataDrivenTest" name="verify_loginDDT" time="12.82"/>
  <testcase classname="testCases.TC003_LoginDataDrivenTest" name="verify_loginDDT" time="3.898"/>
</testsuite> <!-- Test -->
