<?xml version="1.0" encoding="UTF-8"?>
<testsuite xmlns:xsi="http://www.w3.org/2001/XMLSchema-instance" xsi:noNamespaceSchemaLocation="https://maven.apache.org/surefire/maven-surefire-plugin/xsd/surefire-test-report.xsd" version="3.0.2" name="TestSuite" time="55.079" tests="1" errors="0" skipped="0" failures="0" flakes="0">
  <properties>
[...]
</properties>
  <testcase name="verify_EndToEnd_Checkout" classname="testCases.TC006_EndToEndTest" time="41.419">
    <system-out><![CDATA[21:48:28.810 [main] INFO  testCases.TC006_EndToEndTest - **** TC006_EndToEndTest Started *****
21:48:28.891 [main] INFO  testCases.TC006_EndToEndTest - Clicking myAccount link..
21:48:29.172 [main] INFO  testCases.TC006_EndToEndTest - clicking register link..
21:48:29.936 [main] INFO  testCases.TC006_EndToEndTest - Providing the details...
21:48:33.130 [main] INFO  testCases.TC006_EndToEndTest - Clicked continue button..
21:48:33.130 [main] INFO  testCases.TC006_EndToEndTest - Clicking logout...
21:48:33.781 [main] INFO  testCases.TC006_EndToEndTest - clicking my account link..
21:48:34.012 [main] INFO  testCases.TC006_EndToEndTest - Clicking login link..
21:48:34.497 [main] INFO  testCases.TC006_EndToEndTest - providing details and clicking login..
21:48:36.163 [main] INFO  testCases.TC006_EndToEndTest - Entering product name in searchboc and clicking search button..
21:48:36.941 [main] INFO  testCases.TC006_EndToEndTest - clicking result product if it is same..
21:48:37.650 [main] INFO  testCases.TC006_EndToEndTest - choosing the date and quantity and clicking add to cart button..
21:48:53.779 [main] INFO  testCases.TC006_EndToEndTest - clicking cart button for checkout..
21:49:00.613 [main] INFO  testCases.TC006_EndToEndTest - providing address details to check out..
21:49:07.188 [main] INFO  testCases.TC006_EndToEndTest - clicking confirm order..
21:49:10.037 [main] INFO  testCases.TC006_EndToEndTest - Validating the order is placed successfully..
21:49:10.147 [main] INFO  testCases.TC006_EndToEndTest - **** TC006_EndToEndTest Finished *****
]]></system-out>
  </testcase>
</testsuite>