<?xml version="1.0" encoding="UTF-8"?>
<testng-results ignored="0" total="5" passed="5" failed="0" skipped="0">
  <reporter-output>
  </reporter-output>
  <suite started-at="2026-03-04T16:19:41 IST" name="Master Suite" finished-at="2026-03-04T16:20:34 IST" duration-ms="53084">
    <groups>
      <group name="datadriven">
        <method signature="TC003_LoginDataDrivenTest.verify_loginDDT(java.lang.String,java.lang.String,java.lang.String)[pri:0, instance:testCases.TC003_LoginDataDrivenTest@36f48b4]" name="verify_loginDDT" class="testCases.TC003_LoginDataDrivenTest"/>
      </group> <!-- datadriven -->
    </groups>
    <test started-at="2026-03-04T16:19:41 IST" name="Test" finished-at="2026-03-04T16:20:34 IST" duration-ms="53084">
      <class name="testCases.TC003_LoginDataDrivenTest">
        <test-method is-config="true" signature="setup(java.lang.String,java.lang.String)[pri:0, instance:testCases.TC003_LoginDataDrivenTest@36f48b4]" started-at="2026-03-04T16:19:42 IST" name="setup" finished-at="2026-03-04T16:19:46 IST" duration-ms="4640" status="PASS">
          <params>
            <param index="0">
              <value>
                <![CDATA[Windows 11]]>
              </value>
            </param>
            <param index="1">
              <value>
                <![CDATA[chrome]]>
              </value>
            </param>
          </params>
          <reporter-output>
          </reporter-output>
        </test-method> <!-- setup -->
        <test-method signature="verify_loginDDT(java.lang.String,java.lang.String,java.lang.String)[pri:0, instance:testCases.TC003_LoginDataDrivenTest@36f48b4]" started-at="2026-03-04T16:19:51 IST" name="verify_loginDDT" data-provider="LoginData" finished-at="2026-03-04T16:19:54 IST" duration-ms="3415" status="PASS">
          <params>
            <param index="0">
              <value>
                <![CDATA[shaik.ns1626@gmail.com]]>
              </value>
            </param>
            <param index="1">
              <value>
                <![CDATA[nofear]]>
              </value>
            </param>
            <param index="2">
              <value>
                <![CDATA[Valid]]>
              </value>
            </param>
          </params>
          <reporter-output>
          </reporter-output>
        </test-method> <!-- verify_loginDDT -->
        <test-method signature="verify_loginDDT(java.lang.String,java.lang.String,java.lang.String)[pri:0, instance:testCases.TC003_LoginDataDrivenTest@36f48b4]" started-at="2026-03-04T16:19:54 IST" name="verify_loginDDT" data-provider="LoginData" finished-at="2026-03-04T16:20:06 IST" duration-ms="11905" status="PASS">
          <params>
            <param index="0">
              <value>
                <![CDATA[varun@email.com]]>
              </value>
            </param>
            <param index="1">
              <value>
                <![CDATA[buhahah]]>
              </value>
            </param>
            <param index="2">
              <value>
                <![CDATA[Invalid]]>
              </value>
            </param>
          </params>
          <reporter-output>
          </reporter-output>
        </test-method> <!-- verify_loginDDT -->
        <test-method signature="verify_loginDDT(java.lang.String,java.lang.String,java.lang.String)[pri:0, instance:testCases.TC003_LoginDataDrivenTest@36f48b4]" started-at="2026-03-04T16:20:06 IST" name="verify_loginDDT" data-provider="LoginData" finished-at="2026-03-04T16:20:17 IST" duration-ms="10548" status="PASS">
          <params>
            <param index="0">
              <value>
                <![CDATA[laksh@yahoo.com]]>
              </value>
            </param>
            <param index="1">
              <value>
                <![CDATA[Lakshmi]]>
              </value>
            </param>
            <param index="2">
              <value>
                <![CDATA[Valid]]>
              </value>
            </param>
          </params>
          <reporter-output>
          </reporter-output>
        </test-method> <!-- verify_loginDDT -->
        <test-method signature="verify_loginDDT(java.lang.String,java.lang.String,java.lang.String)[pri:0, instance:testCases.TC003_LoginDataDrivenTest@36f48b4]" started-at="2026-03-04T16:20:17 IST" name="verify_loginDDT" data-provider="LoginData" finished-at="2026-03-04T16:20:30 IST" duration-ms="12820" status="PASS">
          <params>
            <param index="0">
              <value>
                <![CDATA[zayan@gmail.com]]>
              </value>
            </param>
            <param index="1">
              <value>
                <![CDATA[shenzzz]]>
              </value>
            </param>
            <param index="2">
              <value>
                <![CDATA[Invalid]]>
              </value>
            </param>
          </params>
          <reporter-output>
          </reporter-output>
        </test-method> <!-- verify_loginDDT -->
        <test-method signature="verify_loginDDT(java.lang.String,java.lang.String,java.lang.String)[pri:0, instance:testCases.TC003_LoginDataDrivenTest@36f48b4]" started-at="2026-03-04T16:20:30 IST" name="verify_loginDDT" data-provider="LoginData" finished-at="2026-03-04T16:20:33 IST" duration-ms="3898" status="PASS">
          <params>
            <param index="0">
              <value>
                <![CDATA[sharfmd@gmail.com]]>
              </value>
            </param>
            <param index="1">
              <value>
                <![CDATA[raz123]]>
              </value>
            </param>
            <param index="2">
              <value>
                <![CDATA[Valid]]>
              </value>
            </param>
          </params>
          <reporter-output>
          </reporter-output>
        </test-method> <!-- verify_loginDDT -->
        <test-method is-config="true" signature="tearOff()[pri:0, instance:testCases.TC003_LoginDataDrivenTest@36f48b4]" started-at="2026-03-04T16:20:33 IST" name="tearOff" finished-at="2026-03-04T16:20:34 IST" duration-ms="640" status="PASS">
          <reporter-output>
          </reporter-output>
        </test-method> <!-- tearOff -->
      </class> <!-- testCases.TC003_LoginDataDrivenTest -->
    </test> <!-- Test -->
  </suite> <!-- Master Suite -->
</testng-results>
