<?xml version="1.0" encoding="UTF-8"?>
<testsuite xmlns:xsi="http://www.w3.org/2001/XMLSchema-instance" xsi:noNamespaceSchemaLocation="https://maven.apache.org/surefire/maven-surefire-plugin/xsd/surefire-test-report.xsd" version="3.0.2" name="TestSuite" time="60.209" tests="5" errors="0" skipped="0" failures="0" flakes="0">
  <properties>
[...]
</properties>
  <testcase name="verify_loginDDT[shaik.ns1626@gmail.com, nofear, Valid](1)" classname="testCases.TC003_LoginDataDrivenTest" time="3.474">
    <system-out><![CDATA[16:19:51.358 [main] INFO  testCases.TC003_LoginDataDrivenTest - ***** TC003_LoginDataDrivenTest Started *****
16:19:51.470 [main] INFO  testCases.TC003_LoginDataDrivenTest - Clicking myAccount link..
16:19:51.776 [main] INFO  testCases.TC003_LoginDataDrivenTest - Clicking login link to open login page..
16:19:52.311 [main] INFO  testCases.TC003_LoginDataDrivenTest - Entering email..
16:19:52.616 [main] INFO  testCases.TC003_LoginDataDrivenTest - Entering password..
16:19:52.818 [main] INFO  testCases.TC003_LoginDataDrivenTest - Clicking login button..
16:19:54.087 [main] INFO  testCases.TC003_LoginDataDrivenTest - Validating my Account page opened..
16:19:54.087 [main] INFO  testCases.TC003_LoginDataDrivenTest - Login using valid data passed and test passed
16:19:54.740 [main] INFO  testCases.TC003_LoginDataDrivenTest - ***** TC003_LoginDataDrivenTest finished *****
]]></system-out>
  </testcase>
  <testcase name="verify_loginDDT[varun@email.com, buhahah, Invalid](2)" classname="testCases.TC003_LoginDataDrivenTest" time="11.896">
    <system-out><![CDATA[16:19:54.799 [main] INFO  testCases.TC003_LoginDataDrivenTest - ***** TC003_LoginDataDrivenTest Started *****
16:19:54.799 [main] INFO  testCases.TC003_LoginDataDrivenTest - Clicking myAccount link..
16:19:55.033 [main] INFO  testCases.TC003_LoginDataDrivenTest - Clicking login link to open login page..
16:19:55.530 [main] INFO  testCases.TC003_LoginDataDrivenTest - Entering email..
16:19:55.747 [main] INFO  testCases.TC003_LoginDataDrivenTest - Entering password..
16:19:55.982 [main] INFO  testCases.TC003_LoginDataDrivenTest - Clicking login button..
16:20:06.703 [main] INFO  testCases.TC003_LoginDataDrivenTest - Validating my Account page opened..
16:20:06.704 [main] INFO  testCases.TC003_LoginDataDrivenTest - Invalid or empty data so the login failed and test passed
16:20:06.704 [main] INFO  testCases.TC003_LoginDataDrivenTest - ***** TC003_LoginDataDrivenTest finished *****
]]></system-out>
  </testcase>
  <testcase name="verify_loginDDT[laksh@yahoo.com, Lakshmi, Valid](3)" classname="testCases.TC003_LoginDataDrivenTest" time="10.55">
    <system-out><![CDATA[16:20:06.711 [main] INFO  testCases.TC003_LoginDataDrivenTest - ***** TC003_LoginDataDrivenTest Started *****
16:20:06.713 [main] INFO  testCases.TC003_LoginDataDrivenTest - Clicking myAccount link..
16:20:06.974 [main] INFO  testCases.TC003_LoginDataDrivenTest - Clicking login link to open login page..
16:20:09.012 [main] INFO  testCases.TC003_LoginDataDrivenTest - Entering email..
16:20:09.232 [main] INFO  testCases.TC003_LoginDataDrivenTest - Entering password..
16:20:09.424 [main] INFO  testCases.TC003_LoginDataDrivenTest - Clicking login button..
16:20:16.137 [main] INFO  testCases.TC003_LoginDataDrivenTest - Validating my Account page opened..
16:20:16.137 [main] INFO  testCases.TC003_LoginDataDrivenTest - Login using valid data passed and test passed
16:20:17.258 [main] INFO  testCases.TC003_LoginDataDrivenTest - ***** TC003_LoginDataDrivenTest finished *****
]]></system-out>
  </testcase>
  <testcase name="verify_loginDDT[zayan@gmail.com, shenzzz, Invalid](4)" classname="testCases.TC003_LoginDataDrivenTest" time="12.821">
    <system-out><![CDATA[16:20:17.264 [main] INFO  testCases.TC003_LoginDataDrivenTest - ***** TC003_LoginDataDrivenTest Started *****
16:20:17.267 [main] INFO  testCases.TC003_LoginDataDrivenTest - Clicking myAccount link..
16:20:17.461 [main] INFO  testCases.TC003_LoginDataDrivenTest - Clicking login link to open login page..
16:20:18.123 [main] INFO  testCases.TC003_LoginDataDrivenTest - Entering email..
16:20:18.396 [main] INFO  testCases.TC003_LoginDataDrivenTest - Entering password..
16:20:18.593 [main] INFO  testCases.TC003_LoginDataDrivenTest - Clicking login button..
16:20:30.083 [main] INFO  testCases.TC003_LoginDataDrivenTest - Validating my Account page opened..
16:20:30.083 [main] INFO  testCases.TC003_LoginDataDrivenTest - Invalid or empty data so the login failed and test passed
16:20:30.083 [main] INFO  testCases.TC003_LoginDataDrivenTest - ***** TC003_LoginDataDrivenTest finished *****
]]></system-out>
  </testcase>
  <testcase name="verify_loginDDT[sharfmd@gmail.com, raz123, Valid](5)" classname="testCases.TC003_LoginDataDrivenTest" time="3.897">
    <system-out><![CDATA[16:20:30.085 [main] INFO  testCases.TC003_LoginDataDrivenTest - ***** TC003_LoginDataDrivenTest Started *****
16:20:30.089 [main] INFO  testCases.TC003_LoginDataDrivenTest - Clicking myAccount link..
16:20:30.325 [main] INFO  testCases.TC003_LoginDataDrivenTest - Clicking login link to open login page..
16:20:30.868 [main] INFO  testCases.TC003_LoginDataDrivenTest - Entering email..
16:20:31.170 [main] INFO  testCases.TC003_LoginDataDrivenTest - Entering password..
16:20:31.333 [main] INFO  testCases.TC003_LoginDataDrivenTest - Clicking login button..
16:20:33.415 [main] INFO  testCases.TC003_LoginDataDrivenTest - Validating my Account page opened..
16:20:33.415 [main] INFO  testCases.TC003_LoginDataDrivenTest - Login using valid data passed and test passed
16:20:33.982 [main] INFO  testCases.TC003_LoginDataDrivenTest - ***** TC003_LoginDataDrivenTest finished *****
]]></system-out>
  </testcase>
</testsuite>