<?xml version="1.0" encoding="UTF-8"?>
<testng-results ignored="0" total="1" passed="1" failed="0" skipped="0">
  <reporter-output>
  </reporter-output>
  <suite started-at="2026-03-06T22:23:52 IST" name="Master Suite" finished-at="2026-03-06T22:24:22 IST" duration-ms="30685">
    <groups>
      <group name="Master">
        <method signature="TC006_EndToEndTest.verify_EndToEnd_Checkout()[pri:0, instance:testCases.TC006_EndToEndTest@f0e995e]" name="verify_EndToEnd_Checkout" class="testCases.TC006_EndToEndTest"/>
      </group> <!-- Master -->
      <group name="EndTest">
        <method signature="TC006_EndToEndTest.verify_EndToEnd_Checkout()[pri:0, instance:testCases.TC006_EndToEndTest@f0e995e]" name="verify_EndToEnd_Checkout" class="testCases.TC006_EndToEndTest"/>
      </group> <!-- EndTest -->
    </groups>
    <test started-at="2026-03-06T22:23:52 IST" name="Test" finished-at="2026-03-06T22:24:22 IST" duration-ms="30685">
      <class name="testCases.TC006_EndToEndTest">
        <test-method is-config="true" signature="setup(java.lang.String,java.lang.String)[pri:0, instance:testCases.TC006_EndToEndTest@f0e995e]" started-at="2026-03-06T22:23:52 IST" name="setup" finished-at="2026-03-06T22:23:57 IST" duration-ms="5164" status="PASS">
          <params>
            <param index="0">
              <value>
                <![CDATA[Windows 11]]>
              </value>
            </param>
            <param index="1">
              <value>
                <![CDATA[chrome]]>
              </value>
            </param>
          </params>
          <reporter-output>
          </reporter-output>
        </test-method> <!-- setup -->
        <test-method signature="verify_EndToEnd_Checkout()[pri:0, instance:testCases.TC006_EndToEndTest@f0e995e]" started-at="2026-03-06T22:23:57 IST" name="verify_EndToEnd_Checkout" finished-at="2026-03-06T22:24:22 IST" duration-ms="24884" status="PASS">
          <reporter-output>
          </reporter-output>
        </test-method> <!-- verify_EndToEnd_Checkout -->
        <test-method is-config="true" signature="tearOff()[pri:0, instance:testCases.TC006_EndToEndTest@f0e995e]" started-at="2026-03-06T22:24:22 IST" name="tearOff" finished-at="2026-03-06T22:24:22 IST" duration-ms="278" status="PASS">
          <reporter-output>
          </reporter-output>
        </test-method> <!-- tearOff -->
      </class> <!-- testCases.TC006_EndToEndTest -->
    </test> <!-- Test -->
  </suite> <!-- Master Suite -->
</testng-results>
