<?xml version="1.0" encoding="UTF-8"?>
<testng-results ignored="0" total="4" passed="4" failed="0" skipped="0">
  <reporter-output>
  </reporter-output>
  <suite started-at="2026-03-04T00:39:07 IST" name="Master Suite" finished-at="2026-03-04T00:39:31 IST" duration-ms="23867">
    <groups>
      <group name="Master">
        <method signature="TC001_AccountRegistrationTest.verify_account_registration()[pri:0, instance:testCases.TC001_AccountRegistrationTest@73db4768]" name="verify_account_registration" class="testCases.TC001_AccountRegistrationTest"/>
        <method signature="TC002_LoginTest.verify_account_login()[pri:0, instance:testCases.TC002_LoginTest@3a62c01e]" name="verify_account_login" class="testCases.TC002_LoginTest"/>
        <method signature="TC001_AccountRegistrationTest.verify_account_registration()[pri:0, instance:testCases.TC001_AccountRegistrationTest@56f6d40b]" name="verify_account_registration" class="testCases.TC001_AccountRegistrationTest"/>
        <method signature="TC002_LoginTest.verify_account_login()[pri:0, instance:testCases.TC002_LoginTest@36676c1a]" name="verify_account_login" class="testCases.TC002_LoginTest"/>
      </group> <!-- Master -->
      <group name="Sanity">
        <method signature="TC002_LoginTest.verify_account_login()[pri:0, instance:testCases.TC002_LoginTest@3a62c01e]" name="verify_account_login" class="testCases.TC002_LoginTest"/>
        <method signature="TC002_LoginTest.verify_account_login()[pri:0, instance:testCases.TC002_LoginTest@36676c1a]" name="verify_account_login" class="testCases.TC002_LoginTest"/>
      </group> <!-- Sanity -->
      <group name="Regression">
        <method signature="TC001_AccountRegistrationTest.verify_account_registration()[pri:0, instance:testCases.TC001_AccountRegistrationTest@73db4768]" name="verify_account_registration" class="testCases.TC001_AccountRegistrationTest"/>
        <method signature="TC001_AccountRegistrationTest.verify_account_registration()[pri:0, instance:testCases.TC001_AccountRegistrationTest@56f6d40b]" name="verify_account_registration" class="testCases.TC001_AccountRegistrationTest"/>
      </group> <!-- Regression -->
    </groups>
    <test started-at="2026-03-04T00:39:07 IST" name="chromeTest" finished-at="2026-03-04T00:39:16 IST" duration-ms="9395">
      <class name="testCases.TC002_LoginTest">
        <test-method is-config="true" signature="setup(java.lang.String,java.lang.String)[pri:0, instance:testCases.TC002_LoginTest@3a62c01e]" started-at="2026-03-04T00:39:13 IST" name="setup" finished-at="2026-03-04T00:39:15 IST" duration-ms="1602" status="PASS">
          <params>
            <param index="0">
              <value>
                <![CDATA[Linux]]>
              </value>
            </param>
            <param index="1">
              <value>
                <![CDATA[chrome]]>
              </value>
            </param>
          </params>
          <reporter-output>
          </reporter-output>
        </test-method> <!-- setup -->
        <test-method signature="verify_account_login()[pri:0, instance:testCases.TC002_LoginTest@3a62c01e]" started-at="2026-03-04T00:39:15 IST" name="verify_account_login" finished-at="2026-03-04T00:39:16 IST" duration-ms="1657" status="PASS">
          <reporter-output>
          </reporter-output>
        </test-method> <!-- verify_account_login -->
        <test-method is-config="true" signature="tearOff()[pri:0, instance:testCases.TC002_LoginTest@3a62c01e]" started-at="2026-03-04T00:39:16 IST" name="tearOff" finished-at="2026-03-04T00:39:16 IST" duration-ms="84" status="PASS">
          <reporter-output>
          </reporter-output>
        </test-method> <!-- tearOff -->
      </class> <!-- testCases.TC002_LoginTest -->
      <class name="testCases.TC001_AccountRegistrationTest">
        <test-method is-config="true" signature="setup(java.lang.String,java.lang.String)[pri:0, instance:testCases.TC001_AccountRegistrationTest@73db4768]" started-at="2026-03-04T00:39:07 IST" name="setup" finished-at="2026-03-04T00:39:10 IST" duration-ms="3158" status="PASS">
          <params>
            <param index="0">
              <value>
                <![CDATA[Linux]]>
              </value>
            </param>
            <param index="1">
              <value>
                <![CDATA[chrome]]>
              </value>
            </param>
          </params>
          <reporter-output>
          </reporter-output>
        </test-method> <!-- setup -->
        <test-method signature="verify_account_registration()[pri:0, instance:testCases.TC001_AccountRegistrationTest@73db4768]" started-at="2026-03-04T00:39:10 IST" name="verify_account_registration" finished-at="2026-03-04T00:39:13 IST" duration-ms="2500" status="PASS">
          <reporter-output>
          </reporter-output>
        </test-method> <!-- verify_account_registration -->
        <test-method is-config="true" signature="tearOff()[pri:0, instance:testCases.TC001_AccountRegistrationTest@73db4768]" started-at="2026-03-04T00:39:13 IST" name="tearOff" finished-at="2026-03-04T00:39:13 IST" duration-ms="89" status="PASS">
          <reporter-output>
          </reporter-output>
        </test-method> <!-- tearOff -->
      </class> <!-- testCases.TC001_AccountRegistrationTest -->
    </test> <!-- chromeTest -->
    <test started-at="2026-03-04T00:39:18 IST" name="firefoxTest" finished-at="2026-03-04T00:39:31 IST" duration-ms="13071">
      <class name="testCases.TC002_LoginTest">
        <test-method is-config="true" signature="setup(java.lang.String,java.lang.String)[pri:0, instance:testCases.TC002_LoginTest@36676c1a]" started-at="2026-03-04T00:39:25 IST" name="setup" finished-at="2026-03-04T00:39:28 IST" duration-ms="3771" status="PASS">
          <params>
            <param index="0">
              <value>
                <![CDATA[Linux]]>
              </value>
            </param>
            <param index="1">
              <value>
                <![CDATA[firefox]]>
              </value>
            </param>
          </params>
          <reporter-output>
          </reporter-output>
        </test-method> <!-- setup -->
        <test-method signature="verify_account_login()[pri:0, instance:testCases.TC002_LoginTest@36676c1a]" started-at="2026-03-04T00:39:28 IST" name="verify_account_login" finished-at="2026-03-04T00:39:30 IST" duration-ms="1347" status="PASS">
          <reporter-output>
          </reporter-output>
        </test-method> <!-- verify_account_login -->
        <test-method is-config="true" signature="tearOff()[pri:0, instance:testCases.TC002_LoginTest@36676c1a]" started-at="2026-03-04T00:39:30 IST" name="tearOff" finished-at="2026-03-04T00:39:31 IST" duration-ms="940" status="PASS">
          <reporter-output>
          </reporter-output>
        </test-method> <!-- tearOff -->
      </class> <!-- testCases.TC002_LoginTest -->
      <class name="testCases.TC001_AccountRegistrationTest">
        <test-method is-config="true" signature="setup(java.lang.String,java.lang.String)[pri:0, instance:testCases.TC001_AccountRegistrationTest@56f6d40b]" started-at="2026-03-04T00:39:18 IST" name="setup" finished-at="2026-03-04T00:39:22 IST" duration-ms="4255" status="PASS">
          <params>
            <param index="0">
              <value>
                <![CDATA[Linux]]>
              </value>
            </param>
            <param index="1">
              <value>
                <![CDATA[firefox]]>
              </value>
            </param>
          </params>
          <reporter-output>
          </reporter-output>
        </test-method> <!-- setup -->
        <test-method signature="verify_account_registration()[pri:0, instance:testCases.TC001_AccountRegistrationTest@56f6d40b]" started-at="2026-03-04T00:39:22 IST" name="verify_account_registration" finished-at="2026-03-04T00:39:24 IST" duration-ms="1794" status="PASS">
          <reporter-output>
          </reporter-output>
        </test-method> <!-- verify_account_registration -->
        <test-method is-config="true" signature="tearOff()[pri:0, instance:testCases.TC001_AccountRegistrationTest@56f6d40b]" started-at="2026-03-04T00:39:24 IST" name="tearOff" finished-at="2026-03-04T00:39:25 IST" duration-ms="957" status="PASS">
          <reporter-output>
          </reporter-output>
        </test-method> <!-- tearOff -->
      </class> <!-- testCases.TC001_AccountRegistrationTest -->
    </test> <!-- firefoxTest -->
  </suite> <!-- Master Suite -->
</testng-results>
