<?xml version="1.0" encoding="UTF-8"?>
<!-- Generated by org.testng.reporters.JUnitReportReporter -->
<testsuite hostname="LAPTOP-I0K5ET5P" failures="0" tests="5" name="testCases.TC003_LoginDataDrivenTest" time="27.510" errors="0" timestamp="2026-03-04T00:09:26 IST" skipped="0">
  <testcase classname="testCases.TC003_LoginDataDrivenTest" name="verify_loginDDT" time="10.993"/>
  <testcase classname="testCases.TC003_LoginDataDrivenTest" name="verify_loginDDT" time="1.724"/>
  <testcase classname="testCases.TC003_LoginDataDrivenTest" name="verify_loginDDT" time="1.978"/>
  <testcase classname="testCases.TC003_LoginDataDrivenTest" name="verify_loginDDT" time="1.804"/>
  <testcase classname="testCases.TC003_LoginDataDrivenTest" name="verify_loginDDT" time="11.011"/>
</testsuite> <!-- testCases.TC003_LoginDataDrivenTest -->
