<?xml version="1.0" encoding="UTF-8"?>
<!-- Generated by org.testng.reporters.JUnitReportReporter -->
<testsuite hostname="LAPTOP-I0K5ET5P" failures="0" tests="2" name="testCases.TC002_LoginTest" time="3.004" errors="0" timestamp="2026-03-04T00:39:32 IST" skipped="0">
  <testcase classname="testCases.TC002_LoginTest" name="verify_account_login" time="1.347"/>
  <testcase classname="testCases.TC002_LoginTest" name="verify_account_login" time="1.657"/>
</testsuite> <!-- testCases.TC002_LoginTest -->
