<?xml version="1.0" encoding="UTF-8"?>
<!-- Generated by org.testng.reporters.JUnitReportReporter -->
<testsuite hostname="LAPTOP-I0K5ET5P" failures="0" tests="5" name="testCases.TC003_LoginDataDrivenTest" time="28.934" errors="0" timestamp="2026-03-04T21:36:30 IST" skipped="0">
  <testcase classname="testCases.TC003_LoginDataDrivenTest" name="verify_loginDDT" time="2.175"/>
  <testcase classname="testCases.TC003_LoginDataDrivenTest" name="verify_loginDDT" time="1.740"/>
  <testcase classname="testCases.TC003_LoginDataDrivenTest" name="verify_loginDDT" time="11.590"/>
  <testcase classname="testCases.TC003_LoginDataDrivenTest" name="verify_loginDDT" time="11.148"/>
  <testcase classname="testCases.TC003_LoginDataDrivenTest" name="verify_loginDDT" time="2.281"/>
</testsuite> <!-- testCases.TC003_LoginDataDrivenTest -->
